#
# There is insufficient memory for the Java Runtime Environment to continue.
# Native memory allocation (malloc) failed to allocate 131088 bytes for Chunk::new
# Possible reasons:
#   The system is out of physical RAM or swap space
#   In 32 bit mode, the process size limit was hit
# Possible solutions:
#   Reduce memory load on the system
#   Increase physical memory or swap space
#   Check if swap backing store is full
#   Use 64 bit Java on a 64 bit OS
#   Decrease Java heap size (-Xmx/-Xms)
#   Decrease number of Java threads
#   Decrease Java thread stack sizes (-Xss)
#   Set larger code cache with -XX:ReservedCodeCacheSize=
# This output file may be truncated or incomplete.
#
#  Out of Memory Error (allocation.cpp:390), pid=242292, tid=0x000000000005afa0
#
# JRE version: OpenJDK Runtime Environment (8.0_152-b01) (build 1.8.0_152-release-915-b01)
# Java VM: OpenJDK 64-Bit Server VM (25.152-b01 mixed mode windows-amd64 compressed oops)
# Failed to write core dump. Minidumps are not enabled by default on client versions of Windows
#

---------------  T H R E A D  ---------------

Current thread (0x00000000181be800):  JavaThread "C2 CompilerThread1" daemon [_thread_in_native, id=372640, stack(0x0000000019cc0000,0x0000000019dc0000)]

Stack: [0x0000000019cc0000,0x0000000019dc0000]
[error occurred during error reporting (printing stack bounds), id 0xc0000005]

Native frames: (J=compiled Java code, j=interpreted, Vv=VM code, C=native code)


Current CompileTask:
C2: 472574 15219       4       org.gradle.api.internal.project.taskfactory.DefaultTaskClassValidatorExtractor::mergeDeclaredAnnotations (190 bytes)


---------------  P R O C E S S  ---------------

Java Threads: ( => current thread )
  0x000000001cad5800 JavaThread "build operations Thread 4" [_thread_blocked, id=385928, stack(0x0000000029a90000,0x0000000029b90000)]
  0x000000001cacf800 JavaThread "build operations Thread 3" [_thread_blocked, id=386216, stack(0x0000000029990000,0x0000000029a90000)]
  0x000000001cace000 JavaThread "build operations Thread 2" [_thread_blocked, id=388172, stack(0x0000000029890000,0x0000000029990000)]
  0x000000001cad4800 JavaThread "build operations" [_thread_blocked, id=341388, stack(0x0000000029790000,0x0000000029890000)]
  0x000000001cacd000 JavaThread "Cache worker for Artifact transforms cache (C:\Users\Administrator\.gradle\caches\transforms-1)" [_thread_blocked, id=292240, stack(0x0000000029690000,0x0000000029790000)]
  0x000000001cad4000 JavaThread "Cache worker for file hash cache (D:\android_about\asworkspace\CustomView\.gradle\4.1\fileHashes)" [_thread_blocked, id=391340, stack(0x0000000029590000,0x0000000029690000)]
  0x000000001cad1000 JavaThread "Stdin handler" [_thread_blocked, id=381000, stack(0x0000000029490000,0x0000000029590000)]
  0x000000001cad1800 JavaThread "Asynchronous log dispatcher for DefaultDaemonConnection: socket connection from /127.0.0.1:52477 to /127.0.0.1:55464" [_thread_blocked, id=387960, stack(0x0000000029390000,0x0000000029490000)]
  0x000000001cacc800 JavaThread "Daemon worker Thread 3" [_thread_in_Java, id=388992, stack(0x0000000029290000,0x0000000029390000)]
  0x000000001cad3000 JavaThread "Cancel handler" [_thread_blocked, id=388084, stack(0x0000000029190000,0x0000000029290000)]
  0x000000001cacb800 JavaThread "Handler for socket connection from /127.0.0.1:52477 to /127.0.0.1:55464" [_thread_in_native, id=383976, stack(0x0000000029090000,0x0000000029190000)]
  0x000000001cad0000 JavaThread "Daemon Thread 3" [_thread_blocked, id=324396, stack(0x0000000028f90000,0x0000000029090000)]
  0x000000001d03c000 JavaThread "Memory manager" [_thread_blocked, id=390052, stack(0x00000000238b0000,0x00000000239b0000)]
  0x000000001b48f000 JavaThread "File lock request listener" [_thread_in_native, id=367156, stack(0x000000001da90000,0x000000001db90000)]
  0x000000001af7b000 JavaThread "Cache worker for file hash cache (C:\Users\Administrator\.gradle\caches\4.1\fileHashes)" [_thread_blocked, id=367284, stack(0x000000001c9c0000,0x000000001cac0000)]
  0x000000001afcd800 JavaThread "Daemon periodic checks" [_thread_blocked, id=374724, stack(0x000000001bec0000,0x000000001bfc0000)]
  0x000000001b172800 JavaThread "Incoming local TCP Connector on port 52477" [_thread_in_native, id=384872, stack(0x000000001ba90000,0x000000001bb90000)]
  0x0000000019634800 JavaThread "Service Thread" daemon [_thread_blocked, id=330908, stack(0x0000000019ec0000,0x0000000019fc0000)]
  0x000000001960b000 JavaThread "C1 CompilerThread2" daemon [_thread_in_native, id=371308, stack(0x0000000019dc0000,0x0000000019ec0000)]
=>0x00000000181be800 JavaThread "C2 CompilerThread1" daemon [_thread_in_native, id=372640, stack(0x0000000019cc0000,0x0000000019dc0000)]
  0x000000001816b800 JavaThread "C2 CompilerThread0" daemon [_thread_in_native, id=370896, stack(0x0000000019bc0000,0x0000000019cc0000)]
  0x00000000181b9800 JavaThread "Attach Listener" daemon [_thread_blocked, id=331892, stack(0x0000000019ac0000,0x0000000019bc0000)]
  0x00000000195c8800 JavaThread "Signal Dispatcher" daemon [_thread_blocked, id=341108, stack(0x00000000199c0000,0x0000000019ac0000)]
  0x000000000473b000 JavaThread "Finalizer" daemon [_thread_blocked, id=336496, stack(0x00000000193c0000,0x00000000194c0000)]
  0x0000000004730000 JavaThread "Reference Handler" daemon [_thread_blocked, id=377420, stack(0x00000000192c0000,0x00000000193c0000)]
  0x00000000047ee000 JavaThread "main" [_thread_blocked, id=342352, stack(0x00000000041d0000,0x00000000042d0000)]

Other Threads:
  0x0000000018126000 VMThread [stack: 0x00000000191c0000,0x00000000192c0000] [id=437496]
  0x0000000019635800 WatcherThread [stack: 0x0000000019fc0000,0x000000001a0c0000] [id=385400]

VM state:not at safepoint (normal execution)

VM Mutex/Monitor currently owned by a thread: None

Heap:
 PSYoungGen      total 448000K, used 249464K [0x00000000e0000000, 0x0000000100000000, 0x0000000100000000)
  eden space 414720K, 55% used [0x00000000e0000000,0x00000000ee1dcdd0,0x00000000f9500000)
  from space 33280K, 54% used [0x00000000fb480000,0x00000000fc6414e0,0x00000000fd500000)
  to   space 32256K, 0% used [0x00000000f9500000,0x00000000f9500000,0x00000000fb480000)
 ParOldGen       total 208384K, used 56728K [0x00000000a0000000, 0x00000000acb80000, 0x00000000e0000000)
  object space 208384K, 27% used [0x00000000a0000000,0x00000000a3766170,0x00000000acb80000)
 Metaspace       used 76380K, capacity 80224K, committed 80344K, reserved 1118208K
  class space    used 9854K, capacity 10734K, committed 10752K, reserved 1048576K

Card table byte_map: [0x0000000013bb0000,0x0000000013ec0000] byte_map_base: 0x00000000136b0000

Marking Bits: (ParMarkBitMap*) 0x0000000054473950
 Begin Bits: [0x00000000144c0000, 0x0000000015cc0000)
 End Bits:   [0x0000000015cc0000, 0x00000000174c0000)

Polling page: 0x00000000001f0000

CodeCache: size=245760Kb used=43030Kb max_used=43030Kb free=202729Kb
 bounds [0x00000000047f0000, 0x0000000007260000, 0x00000000137f0000]
 total_blobs=13294 nmethods=12450 adapters=755
 compilation: enabled

Compilation events (10 events):
Event: 472.507 Thread 0x000000001816b800 15228       4       org.gradle.api.internal.project.taskfactory.DefaultTaskClassValidatorExtractor::recordAnnotations (134 bytes)
Event: 472.509 Thread 0x000000001960b000 15229       3       org.gradle.api.internal.project.taskfactory.AbstractInputPropertyAnnotationHandler::attachActions (79 bytes)
Event: 472.510 Thread 0x000000001960b000 nmethod 15229 0x0000000007250250 code [0x0000000007250560, 0x0000000007251ec8]
Event: 472.511 Thread 0x000000001960b000 15230       1       com.android.builder.internal.BaseConfigImpl::getVersionNameSuffix (5 bytes)
Event: 472.511 Thread 0x000000001960b000 nmethod 15230 0x0000000006f8c890 code [0x0000000006f8c9e0, 0x0000000006f8caf0]
Event: 472.520 Thread 0x000000001960b000 15231       3       com.android.build.gradle.internal.variant.BaseVariantData::getType (8 bytes)
Event: 472.521 Thread 0x000000001960b000 nmethod 15231 0x00000000058aa650 code [0x00000000058aa7a0, 0x00000000058aa990]
Event: 472.522 Thread 0x000000001960b000 15232       3       org.gradle.api.internal.artifacts.dependencies.DefaultExternalModuleDependency::hashCode (5 bytes)
Event: 472.522 Thread 0x000000001960b000 nmethod 15232 0x00000000058aa2d0 code [0x00000000058aa440, 0x00000000058aa5c8]
Event: 472.523 Thread 0x000000001960b000 15233       3       org.gradle.api.internal.artifacts.configurations.DefaultConfiguration$ArtifactViewConfiguration_Decorated::<init> (7 bytes)

GC Heap History (10 events):
Event: 18.741 GC heap before
{Heap before GC invocations=11 (full 2):
 PSYoungGen      total 288256K, used 121480K [0x00000000e0000000, 0x00000000f3d80000, 0x0000000100000000)
  eden space 271360K, 38% used [0x00000000e0000000,0x00000000e6622e00,0x00000000f0900000)
  from space 16896K, 99% used [0x00000000f2000000,0x00000000f307f4e0,0x00000000f3080000)
  to   space 23552K, 0% used [0x00000000f0900000,0x00000000f0900000,0x00000000f2000000)
 ParOldGen       total 134656K, used 29448K [0x00000000a0000000, 0x00000000a8380000, 0x00000000e0000000)
  object space 134656K, 21% used [0x00000000a0000000,0x00000000a1cc22e8,0x00000000a8380000)
 Metaspace       used 56543K, capacity 58914K, committed 58968K, reserved 1099776K
  class space    used 7701K, capacity 8297K, committed 8320K, reserved 1048576K
Event: 18.806 GC heap after
Heap after GC invocations=11 (full 2):
 PSYoungGen      total 294912K, used 23541K [0x00000000e0000000, 0x00000000f9c00000, 0x0000000100000000)
  eden space 271360K, 0% used [0x00000000e0000000,0x00000000e0000000,0x00000000f0900000)
  from space 23552K, 99% used [0x00000000f0900000,0x00000000f1ffd4e0,0x00000000f2000000)
  to   space 29184K, 0% used [0x00000000f7f80000,0x00000000f7f80000,0x00000000f9c00000)
 ParOldGen       total 134656K, used 35352K [0x00000000a0000000, 0x00000000a8380000, 0x00000000e0000000)
  object space 134656K, 26% used [0x00000000a0000000,0x00000000a2286030,0x00000000a8380000)
 Metaspace       used 56543K, capacity 58914K, committed 58968K, reserved 1099776K
  class space    used 7701K, capacity 8297K, committed 8320K, reserved 1048576K
}
Event: 18.806 GC heap before
{Heap before GC invocations=12 (full 3):
 PSYoungGen      total 294912K, used 23541K [0x00000000e0000000, 0x00000000f9c00000, 0x0000000100000000)
  eden space 271360K, 0% used [0x00000000e0000000,0x00000000e0000000,0x00000000f0900000)
  from space 23552K, 99% used [0x00000000f0900000,0x00000000f1ffd4e0,0x00000000f2000000)
  to   space 29184K, 0% used [0x00000000f7f80000,0x00000000f7f80000,0x00000000f9c00000)
 ParOldGen       total 134656K, used 35352K [0x00000000a0000000, 0x00000000a8380000, 0x00000000e0000000)
  object space 134656K, 26% used [0x00000000a0000000,0x00000000a2286030,0x00000000a8380000)
 Metaspace       used 56543K, capacity 58914K, committed 58968K, reserved 1099776K
  class space    used 7701K, capacity 8297K, committed 8320K, reserved 1048576K
Event: 19.170 GC heap after
Heap after GC invocations=12 (full 3):
 PSYoungGen      total 294912K, used 0K [0x00000000e0000000, 0x00000000f9c00000, 0x0000000100000000)
  eden space 271360K, 0% used [0x00000000e0000000,0x00000000e0000000,0x00000000f0900000)
  from space 23552K, 0% used [0x00000000f0900000,0x00000000f0900000,0x00000000f2000000)
  to   space 29184K, 0% used [0x00000000f7f80000,0x00000000f7f80000,0x00000000f9c00000)
 ParOldGen       total 208384K, used 48474K [0x00000000a0000000, 0x00000000acb80000, 0x00000000e0000000)
  object space 208384K, 23% used [0x00000000a0000000,0x00000000a2f56a60,0x00000000acb80000)
 Metaspace       used 56543K, capacity 58914K, committed 58968K, reserved 1099776K
  class space    used 7701K, capacity 8297K, committed 8320K, reserved 1048576K
}
Event: 239.603 GC heap before
{Heap before GC invocations=13 (full 3):
 PSYoungGen      total 294912K, used 271360K [0x00000000e0000000, 0x00000000f9c00000, 0x0000000100000000)
  eden space 271360K, 100% used [0x00000000e0000000,0x00000000f0900000,0x00000000f0900000)
  from space 23552K, 0% used [0x00000000f0900000,0x00000000f0900000,0x00000000f2000000)
  to   space 29184K, 0% used [0x00000000f7f80000,0x00000000f7f80000,0x00000000f9c00000)
 ParOldGen       total 208384K, used 48474K [0x00000000a0000000, 0x00000000acb80000, 0x00000000e0000000)
  object space 208384K, 23% used [0x00000000a0000000,0x00000000a2f56a60,0x00000000acb80000)
 Metaspace       used 64120K, capacity 67262K, committed 67416K, reserved 1107968K
  class space    used 8500K, capacity 9285K, committed 9344K, reserved 1048576K
Event: 239.622 GC heap after
Heap after GC invocations=13 (full 3):
 PSYoungGen      total 351232K, used 10872K [0x00000000e0000000, 0x00000000f8a80000, 0x0000000100000000)
  eden space 339968K, 0% used [0x00000000e0000000,0x00000000e0000000,0x00000000f4c00000)
  from space 11264K, 96% used [0x00000000f7f80000,0x00000000f8a1e230,0x00000000f8a80000)
  to   space 28160K, 0% used [0x00000000f5380000,0x00000000f5380000,0x00000000f6f00000)
 ParOldGen       total 208384K, used 48482K [0x00000000a0000000, 0x00000000acb80000, 0x00000000e0000000)
  object space 208384K, 23% used [0x00000000a0000000,0x00000000a2f58a60,0x00000000acb80000)
 Metaspace       used 64120K, capacity 67262K, committed 67416K, reserved 1107968K
  class space    used 8500K, capacity 9285K, committed 9344K, reserved 1048576K
}
Event: 265.257 GC heap before
{Heap before GC invocations=14 (full 3):
 PSYoungGen      total 351232K, used 350840K [0x00000000e0000000, 0x00000000f8a80000, 0x0000000100000000)
  eden space 339968K, 100% used [0x00000000e0000000,0x00000000f4c00000,0x00000000f4c00000)
  from space 11264K, 96% used [0x00000000f7f80000,0x00000000f8a1e230,0x00000000f8a80000)
  to   space 28160K, 0% used [0x00000000f5380000,0x00000000f5380000,0x00000000f6f00000)
 ParOldGen       total 208384K, used 48482K [0x00000000a0000000, 0x00000000acb80000, 0x00000000e0000000)
  object space 208384K, 23% used [0x00000000a0000000,0x00000000a2f58a60,0x00000000acb80000)
 Metaspace       used 75695K, capacity 79200K, committed 79448K, reserved 1118208K
  class space    used 9777K, capacity 10602K, committed 10624K, reserved 1048576K
Event: 265.310 GC heap after
Heap after GC invocations=14 (full 3):
 PSYoungGen      total 375808K, used 28142K [0x00000000e0000000, 0x00000000fd500000, 0x0000000100000000)
  eden space 347648K, 0% used [0x00000000e0000000,0x00000000e0000000,0x00000000f5380000)
  from space 28160K, 99% used [0x00000000f5380000,0x00000000f6efb898,0x00000000f6f00000)
  to   space 33280K, 0% used [0x00000000fb480000,0x00000000fb480000,0x00000000fd500000)
 ParOldGen       total 208384K, used 51245K [0x00000000a0000000, 0x00000000acb80000, 0x00000000e0000000)
  object space 208384K, 24% used [0x00000000a0000000,0x00000000a320b490,0x00000000acb80000)
 Metaspace       used 75695K, capacity 79200K, committed 79448K, reserved 1118208K
  class space    used 9777K, capacity 10602K, committed 10624K, reserved 1048576K
}
Event: 265.506 GC heap before
{Heap before GC invocations=15 (full 3):
 PSYoungGen      total 375808K, used 374916K [0x00000000e0000000, 0x00000000fd500000, 0x0000000100000000)
  eden space 347648K, 99% used [0x00000000e0000000,0x00000000f52a5ae8,0x00000000f5380000)
  from space 28160K, 99% used [0x00000000f5380000,0x00000000f6efb898,0x00000000f6f00000)
  to   space 33280K, 0% used [0x00000000fb480000,0x00000000fb480000,0x00000000fd500000)
 ParOldGen       total 208384K, used 51245K [0x00000000a0000000, 0x00000000acb80000, 0x00000000e0000000)
  object space 208384K, 24% used [0x00000000a0000000,0x00000000a320b490,0x00000000acb80000)
 Metaspace       used 75818K, capacity 79350K, committed 79448K, reserved 1118208K
  class space    used 9792K, capacity 10609K, committed 10624K, reserved 1048576K
Event: 265.546 GC heap after
Heap after GC invocations=15 (full 3):
 PSYoungGen      total 448000K, used 18181K [0x00000000e0000000, 0x0000000100000000, 0x0000000100000000)
  eden space 414720K, 0% used [0x00000000e0000000,0x00000000e0000000,0x00000000f9500000)
  from space 33280K, 54% used [0x00000000fb480000,0x00000000fc6414e0,0x00000000fd500000)
  to   space 32256K, 0% used [0x00000000f9500000,0x00000000f9500000,0x00000000fb480000)
 ParOldGen       total 208384K, used 56728K [0x00000000a0000000, 0x00000000acb80000, 0x00000000e0000000)
  object space 208384K, 27% used [0x00000000a0000000,0x00000000a3766170,0x00000000acb80000)
 Metaspace       used 75818K, capacity 79350K, committed 79448K, reserved 1118208K
  class space    used 9792K, capacity 10609K, committed 10624K, reserved 1048576K
}

Deoptimization events (10 events):
Event: 264.239 Thread 0x000000001d03a800 Uncommon trap: reason=unstable_if action=reinterpret pc=0x0000000006f7ef7c method=java.nio.Bits.getInt(Ljava/nio/ByteBuffer;IZ)I @ 1
Event: 265.001 Thread 0x000000001d03a800 Uncommon trap: reason=class_check action=maybe_recompile pc=0x000000000705aa90 method=com.android.apkzlib.zip.CentralDirectoryHeader.getCompressionInfoWithWait()Lcom/android/apkzlib/zip/CentralDirectoryHeaderCompressInfo; @ 4
Event: 265.128 Thread 0x000000001d03a800 Uncommon trap: reason=class_check action=maybe_recompile pc=0x000000000705aa90 method=com.android.apkzlib.zip.CentralDirectoryHeader.getCompressionInfoWithWait()Lcom/android/apkzlib/zip/CentralDirectoryHeaderCompressInfo; @ 4
Event: 265.128 Thread 0x000000001d03a800 Uncommon trap: reason=unstable_if action=reinterpret pc=0x0000000007020d54 method=com.android.apkzlib.zip.ExtraField.size()I @ 4
Event: 265.128 Thread 0x000000001d03a800 Uncommon trap: reason=class_check action=maybe_recompile pc=0x000000000705aa90 method=com.android.apkzlib.zip.CentralDirectoryHeader.getCompressionInfoWithWait()Lcom/android/apkzlib/zip/CentralDirectoryHeaderCompressInfo; @ 4
Event: 265.130 Thread 0x000000001d03a800 Uncommon trap: reason=class_check action=maybe_recompile pc=0x000000000705aa90 method=com.android.apkzlib.zip.CentralDirectoryHeader.getCompressionInfoWithWait()Lcom/android/apkzlib/zip/CentralDirectoryHeaderCompressInfo; @ 4
Event: 469.436 Thread 0x000000001cacc800 Uncommon trap: reason=predicate action=maybe_recompile pc=0x000000000665d0c0 method=com.google.common.collect.ImmutableSet.construct(I[Ljava/lang/Object;)Lcom/google/common/collect/ImmutableSet; @ 71
Event: 469.478 Thread 0x000000001cacc800 Uncommon trap: reason=predicate action=maybe_recompile pc=0x0000000005ac5970 method=java.util.ComparableTimSort.reverseRange([Ljava/lang/Object;II)V @ 8
Event: 469.495 Thread 0x000000001cacc800 Uncommon trap: reason=unstable_if action=reinterpret pc=0x000000000709cde0 method=sun.util.calendar.BaseCalendar$Date.hit(J)Z @ 6
Event: 472.345 Thread 0x000000001cacc800 Uncommon trap: reason=bimorphic action=maybe_recompile pc=0x0000000005155524 method=com.google.common.collect.AbstractMapBasedMultimap$WrappedCollection.refreshIfEmpty()V @ 40

Classes redefined (0 events):
No events

Internal exceptions (10 events):
Event: 472.029 Thread 0x000000001cacc800 Exception <a 'sun/nio/fs/WindowsException'> (0x00000000eb9706d8) thrown at [D:\src\AOSP-openjdk-cygwin\jdk8u\hotspot\src\share\vm\prims\jni.cpp, line 709]
Event: 472.029 Thread 0x000000001cacc800 Exception <a 'sun/nio/fs/WindowsException'> (0x00000000eb9711d0) thrown at [D:\src\AOSP-openjdk-cygwin\jdk8u\hotspot\src\share\vm\prims\jni.cpp, line 709]
Event: 472.029 Thread 0x000000001cacc800 Exception <a 'sun/nio/fs/WindowsException'> (0x00000000eb9738a8) thrown at [D:\src\AOSP-openjdk-cygwin\jdk8u\hotspot\src\share\vm\prims\jni.cpp, line 709]
Event: 472.029 Thread 0x000000001cacc800 Exception <a 'sun/nio/fs/WindowsException'> (0x00000000eb9743d8) thrown at [D:\src\AOSP-openjdk-cygwin\jdk8u\hotspot\src\share\vm\prims\jni.cpp, line 709]
Event: 472.029 Thread 0x000000001cacc800 Exception <a 'sun/nio/fs/WindowsException'> (0x00000000eb975f50) thrown at [D:\src\AOSP-openjdk-cygwin\jdk8u\hotspot\src\share\vm\prims\jni.cpp, line 709]
Event: 472.029 Thread 0x000000001cacc800 Exception <a 'sun/nio/fs/WindowsException'> (0x00000000eb976ab8) thrown at [D:\src\AOSP-openjdk-cygwin\jdk8u\hotspot\src\share\vm\prims\jni.cpp, line 709]
Event: 472.032 Thread 0x000000001cacc800 Exception <a 'sun/nio/fs/WindowsException'> (0x00000000eb979320) thrown at [D:\src\AOSP-openjdk-cygwin\jdk8u\hotspot\src\share\vm\prims\jni.cpp, line 709]
Event: 472.032 Thread 0x000000001cacc800 Exception <a 'sun/nio/fs/WindowsException'> (0x00000000eb979ea0) thrown at [D:\src\AOSP-openjdk-cygwin\jdk8u\hotspot\src\share\vm\prims\jni.cpp, line 709]
Event: 472.032 Thread 0x000000001cacc800 Exception <a 'sun/nio/fs/WindowsException'> (0x00000000eb97ba68) thrown at [D:\src\AOSP-openjdk-cygwin\jdk8u\hotspot\src\share\vm\prims\jni.cpp, line 709]
Event: 472.032 Thread 0x000000001cacc800 Exception <a 'sun/nio/fs/WindowsException'> (0x00000000eb97c620) thrown at [D:\src\AOSP-openjdk-cygwin\jdk8u\hotspot\src\share\vm\prims\jni.cpp, line 709]

Events (10 events):
Event: 472.345 Thread 0x000000001cacc800 DEOPT PACKING pc=0x0000000005155524 sp=0x000000002938bd00
Event: 472.345 Thread 0x000000001cacc800 DEOPT UNPACKING pc=0x000000000483556a sp=0x000000002938bcb0 mode 2
Event: 472.349 Executing VM operation: RevokeBias
Event: 472.349 Executing VM operation: RevokeBias done
Event: 472.349 Executing VM operation: RevokeBias
Event: 472.350 Executing VM operation: RevokeBias done
Event: 472.365 Executing VM operation: RevokeBias
Event: 472.365 Executing VM operation: RevokeBias done
Event: 472.365 Executing VM operation: BulkRevokeBias
Event: 472.365 Executing VM operation: BulkRevokeBias done


Dynamic libraries:
0x00007ff779f10000 - 0x00007ff779f41000 	D:\android_about\as_pra\jre\bin\java.exe
0x00007ffea5c00000 - 0x00007ffea5de0000 	C:\WINDOWS\SYSTEM32\ntdll.dll
0x00007ffea50a0000 - 0x00007ffea514e000 	C:\WINDOWS\System32\KERNEL32.DLL
0x00007ffea25a0000 - 0x00007ffea2806000 	C:\WINDOWS\System32\KERNELBASE.dll
0x00007ffea4df0000 - 0x00007ffea4e91000 	C:\WINDOWS\System32\ADVAPI32.dll
0x00007ffea5160000 - 0x00007ffea51fd000 	C:\WINDOWS\System32\msvcrt.dll
0x00007ffea57a0000 - 0x00007ffea57fb000 	C:\WINDOWS\System32\sechost.dll
0x00007ffea5ab0000 - 0x00007ffea5bcf000 	C:\WINDOWS\System32\RPCRT4.dll
0x00007ffea4a00000 - 0x00007ffea4b8f000 	C:\WINDOWS\System32\USER32.dll
0x00007ffea2910000 - 0x00007ffea2930000 	C:\WINDOWS\System32\win32u.dll
0x00007ffea48d0000 - 0x00007ffea48f8000 	C:\WINDOWS\System32\GDI32.dll
0x00007ffea2320000 - 0x00007ffea24b3000 	C:\WINDOWS\System32\gdi32full.dll
0x00007ffea20b0000 - 0x00007ffea214b000 	C:\WINDOWS\System32\msvcp_win.dll
0x00007ffea2810000 - 0x00007ffea2906000 	C:\WINDOWS\System32\ucrtbase.dll
0x00007ffe9b590000 - 0x00007ffe9b7f9000 	C:\WINDOWS\WinSxS\amd64_microsoft.windows.common-controls_6595b64144ccf1df_6.0.16299.431_none_15c7d3ee93659e73\COMCTL32.dll
0x00007ffea4520000 - 0x00007ffea4828000 	C:\WINDOWS\System32\combase.dll
0x00007ffea24c0000 - 0x00007ffea2532000 	C:\WINDOWS\System32\bcryptPrimitives.dll
0x00007ffea49d0000 - 0x00007ffea49fd000 	C:\WINDOWS\System32\IMM32.DLL
0x0000000053af0000 - 0x0000000053bc2000 	D:\android_about\as_pra\jre\jre\bin\msvcr100.dll
0x0000000053cb0000 - 0x00000000544ee000 	D:\android_about\as_pra\jre\jre\bin\server\jvm.dll
0x00007ffea30d0000 - 0x00007ffea30d8000 	C:\WINDOWS\System32\PSAPI.DLL
0x00007ffea0bc0000 - 0x00007ffea0bc9000 	C:\WINDOWS\SYSTEM32\WSOCK32.dll
0x00007ffea5030000 - 0x00007ffea509c000 	C:\WINDOWS\System32\WS2_32.dll
0x00007ffe9ee80000 - 0x00007ffe9eea3000 	C:\WINDOWS\SYSTEM32\WINMM.dll
0x00007ffea0c60000 - 0x00007ffea0c6a000 	C:\WINDOWS\SYSTEM32\VERSION.dll
0x00007ffe9ee50000 - 0x00007ffe9ee7a000 	C:\WINDOWS\SYSTEM32\WINMMBASE.dll
0x00007ffea2930000 - 0x00007ffea297a000 	C:\WINDOWS\System32\cfgmgr32.dll
0x00007ffe9dc10000 - 0x00007ffe9dc1f000 	D:\android_about\as_pra\jre\jre\bin\verify.dll
0x00007ffe994f0000 - 0x00007ffe99519000 	D:\android_about\as_pra\jre\jre\bin\java.dll
0x00007ffe9bf00000 - 0x00007ffe9bf16000 	D:\android_about\as_pra\jre\jre\bin\zip.dll
0x00007ffea30e0000 - 0x00007ffea4518000 	C:\WINDOWS\System32\SHELL32.dll
0x00007ffea4f80000 - 0x00007ffea5026000 	C:\WINDOWS\System32\shcore.dll
0x00007ffea2980000 - 0x00007ffea30c7000 	C:\WINDOWS\System32\windows.storage.dll
0x00007ffea4b90000 - 0x00007ffea4be1000 	C:\WINDOWS\System32\shlwapi.dll
0x00007ffea1f90000 - 0x00007ffea1fa1000 	C:\WINDOWS\System32\kernel.appcore.dll
0x00007ffea1fb0000 - 0x00007ffea1ffc000 	C:\WINDOWS\System32\powrprof.dll
0x00007ffea1f50000 - 0x00007ffea1f6b000 	C:\WINDOWS\System32\profapi.dll
0x00007ffe9a7b0000 - 0x00007ffe9a7ca000 	D:\android_about\as_pra\jre\jre\bin\net.dll
0x00007ffea17e0000 - 0x00007ffea1846000 	C:\WINDOWS\system32\mswsock.dll
0x00007ffe95da0000 - 0x00007ffe95db1000 	D:\android_about\as_pra\jre\jre\bin\nio.dll
0x00007ffe9ec60000 - 0x00007ffe9ec7e000 	C:\Users\Administrator\.gradle\native\25\windows-amd64\native-platform.dll
0x00007ffea0cb0000 - 0x00007ffea0cbd000 	D:\android_about\as_pra\jre\jre\bin\management.dll
0x00007ffea19b0000 - 0x00007ffea19c7000 	C:\WINDOWS\SYSTEM32\CRYPTSP.dll
0x00007ffea1380000 - 0x00007ffea13b3000 	C:\WINDOWS\system32\rsaenh.dll
0x00007ffea1ab0000 - 0x00007ffea1ad5000 	C:\WINDOWS\SYSTEM32\bcrypt.dll
0x00007ffea1e80000 - 0x00007ffea1ea9000 	C:\WINDOWS\SYSTEM32\USERENV.dll
0x00007ffea19a0000 - 0x00007ffea19ab000 	C:\WINDOWS\SYSTEM32\CRYPTBASE.dll
0x00007ffea1510000 - 0x00007ffea1549000 	C:\WINDOWS\SYSTEM32\IPHLPAPI.DLL
0x00007ffea4c50000 - 0x00007ffea4c58000 	C:\WINDOWS\System32\NSI.dll
0x00007ffe9c060000 - 0x00007ffe9c076000 	C:\WINDOWS\SYSTEM32\dhcpcsvc6.DLL
0x00007ffe9c040000 - 0x00007ffe9c05a000 	C:\WINDOWS\SYSTEM32\dhcpcsvc.DLL

VM Arguments:
jvm_args: -Xmx1536m -Dfile.encoding=GBK -Duser.country=CN -Duser.language=zh -Duser.variant 
java_command: org.gradle.launcher.daemon.bootstrap.GradleDaemon 4.1
java_class_path (initial): C:\Users\Administrator\.gradle\wrapper\dists\gradle-4.1-all\bzyivzo6n839fup2jbap0tjew\gradle-4.1\lib\gradle-launcher-4.1.jar
Launcher Type: SUN_STANDARD

Environment Variables:
JAVA_HOME=D:\android_about\jdk_8
PATH=C:\ProgramData\Oracle\Java\javapath;C:\WINDOWS\system32;C:\WINDOWS;C:\WINDOWS\System32\Wbem;C:\WINDOWS\System32\WindowsPowerShell\v1.0\;D:\android_about\jdk_8\bin;D:\android_about\svn_\bin;D:\android_about\git\Git\cmd;D:\android_about\git\Git\cmd;D:\android_about\asndk\ndk-bundle;D:\android_about\assdk\platform-tools;C:\Users\Administrator\AppData\Local\Microsoft\WindowsApps;
USERNAME=zyh
OS=Windows_NT
PROCESSOR_IDENTIFIER=Intel64 Family 6 Model 94 Stepping 3, GenuineIntel



---------------  S Y S T E M  ---------------

OS: Windows 10.0 , 64 bit Build 16299 (10.0.16299.431)

CPU:total 4 (initial active 4) (2 cores per cpu, 2 threads per core) family 6 model 94 stepping 3, cmov, cx8, fxsr, mmx, sse, sse2, sse3, ssse3, sse4.1, sse4.2, popcnt, avx, avx2, aes, clmul, erms, 3dnowpref, lzcnt, ht, tsc, tscinvbit, bmi1, bmi2, adx

Memory: 4k page, physical 16675864k(3682800k free), swap 29550184k(3580k free)

vm_info: OpenJDK 64-Bit Server VM (25.152-b01) for windows-amd64 JRE (1.8.0_152-release-915-b01), built by "builder" with MS VC++ 10.0 (VS2010)

time: Fri Jun 29 14:28:06 2018
elapsed time: 472 seconds (0d 0h 7m 52s)

