#
# There is insufficient memory for the Java Runtime Environment to continue.
# Native memory allocation (malloc) failed to allocate 2043456 bytes for Chunk::new
# Possible reasons:
#   The system is out of physical RAM or swap space
#   In 32 bit mode, the process size limit was hit
# Possible solutions:
#   Reduce memory load on the system
#   Increase physical memory or swap space
#   Check if swap backing store is full
#   Use 64 bit Java on a 64 bit OS
#   Decrease Java heap size (-Xmx/-Xms)
#   Decrease number of Java threads
#   Decrease Java thread stack sizes (-Xss)
#   Set larger code cache with -XX:ReservedCodeCacheSize=
# This output file may be truncated or incomplete.
#
#  Out of Memory Error (allocation.cpp:390), pid=224700, tid=0x000000000003a1d8
#
# JRE version: OpenJDK Runtime Environment (8.0_152-b01) (build 1.8.0_152-release-915-b01)
# Java VM: OpenJDK 64-Bit Server VM (25.152-b01 mixed mode windows-amd64 compressed oops)
# Failed to write core dump. Minidumps are not enabled by default on client versions of Windows
#

---------------  T H R E A D  ---------------

Current thread (0x0000000018b0f800):  JavaThread "C2 CompilerThread0" daemon [_thread_in_native, id=238040, stack(0x000000001a560000,0x000000001a660000)]

Stack: [0x000000001a560000,0x000000001a660000]
[error occurred during error reporting (printing stack bounds), id 0xc0000005]

Native frames: (J=compiled Java code, j=interpreted, Vv=VM code, C=native code)


Current CompileTask:
C2: 434330 15594       4       org.gradle.api.internal.project.taskfactory.DefaultTaskClassValidatorExtractor::mergeDeclaredAnnotations (190 bytes)


---------------  P R O C E S S  ---------------

Java Threads: ( => current thread )
  0x00000000214be800 JavaThread "Task worker for ':' Thread 3" [_thread_in_vm, id=225316, stack(0x0000000035f90000,0x0000000036090000)]
  0x00000000214bd000 JavaThread "Task worker for ':' Thread 2" [_thread_blocked, id=236492, stack(0x0000000035e90000,0x0000000035f90000)]
  0x00000000202e7000 JavaThread "Task worker for ':'" [_thread_blocked, id=251564, stack(0x0000000035d90000,0x0000000035e90000)]
  0x000000001f366000 JavaThread "Cache worker for task history cache (D:\android_about\asworkspace\CustomView\.gradle\4.1\taskHistory)" [_thread_blocked, id=245968, stack(0x0000000035c90000,0x0000000035d90000)]
  0x000000001f36a800 JavaThread "Cache worker for file content cache (D:\android_about\asworkspace\CustomView\.gradle\4.1\fileContent)" [_thread_blocked, id=230756, stack(0x0000000035b90000,0x0000000035c90000)]
  0x000000001f369000 JavaThread "build operations Thread 4" [_thread_blocked, id=242772, stack(0x0000000035a90000,0x0000000035b90000)]
  0x000000001f365800 JavaThread "build operations Thread 3" [_thread_blocked, id=225552, stack(0x0000000035990000,0x0000000035a90000)]
  0x000000001f368800 JavaThread "build operations Thread 2" [_thread_blocked, id=238216, stack(0x0000000035890000,0x0000000035990000)]
  0x000000001f367800 JavaThread "build operations" [_thread_blocked, id=253060, stack(0x0000000035790000,0x0000000035890000)]
  0x00000000202e0800 JavaThread "Cache worker for Artifact transforms cache (C:\Users\Administrator\.gradle\caches\transforms-1)" [_thread_blocked, id=253108, stack(0x0000000035690000,0x0000000035790000)]
  0x00000000202e2000 JavaThread "Cache worker for file hash cache (D:\android_about\asworkspace\CustomView\.gradle\4.1\fileHashes)" [_thread_blocked, id=236568, stack(0x0000000035590000,0x0000000035690000)]
  0x00000000202e6800 JavaThread "Stdin handler" [_thread_blocked, id=249528, stack(0x0000000035490000,0x0000000035590000)]
  0x00000000202e5000 JavaThread "Asynchronous log dispatcher for DefaultDaemonConnection: socket connection from /127.0.0.1:64617 to /127.0.0.1:51013" [_thread_blocked, id=193964, stack(0x0000000035390000,0x0000000035490000)]
  0x00000000202e2800 JavaThread "Daemon worker Thread 4" [_thread_blocked, id=251256, stack(0x0000000035290000,0x0000000035390000)]
  0x00000000202e4000 JavaThread "Cancel handler" [_thread_blocked, id=241356, stack(0x0000000035190000,0x0000000035290000)]
  0x00000000202e3800 JavaThread "Handler for socket connection from /127.0.0.1:64617 to /127.0.0.1:51013" [_thread_in_native, id=218780, stack(0x0000000035090000,0x0000000035190000)]
  0x00000000202e1000 JavaThread "Daemon Thread 4" [_thread_blocked, id=210164, stack(0x0000000034f90000,0x0000000035090000)]
  0x000000001f364000 JavaThread "Memory manager" [_thread_blocked, id=247460, stack(0x00000000231a0000,0x00000000232a0000)]
  0x000000001bfba800 JavaThread "File lock request listener" [_thread_in_native, id=214608, stack(0x000000001e460000,0x000000001e560000)]
  0x000000001c10c000 JavaThread "Cache worker for file hash cache (C:\Users\Administrator\.gradle\caches\4.1\fileHashes)" [_thread_blocked, id=244052, stack(0x000000001e360000,0x000000001e460000)]
  0x000000001b9c1000 JavaThread "Daemon periodic checks" [_thread_blocked, id=247668, stack(0x000000001d860000,0x000000001d960000)]
  0x000000001b4e4800 JavaThread "Incoming local TCP Connector on port 64617" [_thread_in_native, id=188920, stack(0x000000001c230000,0x000000001c330000)]
  0x0000000019fe6800 JavaThread "Service Thread" daemon [_thread_blocked, id=245360, stack(0x000000001a860000,0x000000001a960000)]
  0x0000000019f6c800 JavaThread "C1 CompilerThread2" daemon [_thread_blocked, id=244284, stack(0x000000001a760000,0x000000001a860000)]
  0x0000000018b5b800 JavaThread "C2 CompilerThread1" daemon [_thread_in_native, id=222040, stack(0x000000001a660000,0x000000001a760000)]
=>0x0000000018b0f800 JavaThread "C2 CompilerThread0" daemon [_thread_in_native, id=238040, stack(0x000000001a560000,0x000000001a660000)]
  0x0000000018b0e800 JavaThread "Attach Listener" daemon [_thread_blocked, id=78308, stack(0x000000001a460000,0x000000001a560000)]
  0x0000000019f68800 JavaThread "Signal Dispatcher" daemon [_thread_blocked, id=410592, stack(0x000000001a360000,0x000000001a460000)]
  0x000000000518a000 JavaThread "Finalizer" daemon [_thread_blocked, id=240516, stack(0x0000000019d60000,0x0000000019e60000)]
  0x0000000005181000 JavaThread "Reference Handler" daemon [_thread_blocked, id=190160, stack(0x0000000019c60000,0x0000000019d60000)]
  0x000000000335e000 JavaThread "main" [_thread_blocked, id=247956, stack(0x0000000004b60000,0x0000000004c60000)]

Other Threads:
  0x0000000018ac5800 VMThread [stack: 0x0000000019b60000,0x0000000019c60000] [id=234984]
  0x0000000019fbd800 WatcherThread [stack: 0x000000001a960000,0x000000001aa60000] [id=241208]

VM state:not at safepoint (normal execution)

VM Mutex/Monitor currently owned by a thread: None

Heap:
 PSYoungGen      total 410112K, used 314632K [0x00000000e0000000, 0x00000000fc080000, 0x0000000100000000)
  eden space 382464K, 78% used [0x00000000e0000000,0x00000000f23c0ba0,0x00000000f7580000)
  from space 27648K, 57% used [0x00000000f9200000,0x00000000fa181540,0x00000000fad00000)
  to   space 29184K, 0% used [0x00000000f7580000,0x00000000f7580000,0x00000000f9200000)
 ParOldGen       total 216576K, used 39960K [0x00000000a0000000, 0x00000000ad380000, 0x00000000e0000000)
  object space 216576K, 18% used [0x00000000a0000000,0x00000000a27063e0,0x00000000ad380000)
 Metaspace       used 73333K, capacity 76570K, committed 76632K, reserved 1116160K
  class space    used 9342K, capacity 10054K, committed 10112K, reserved 1048576K

Card table byte_map: [0x0000000014550000,0x0000000014860000] byte_map_base: 0x0000000014050000

Marking Bits: (ParMarkBitMap*) 0x0000000054473950
 Begin Bits: [0x0000000014e60000, 0x0000000016660000)
 End Bits:   [0x0000000016660000, 0x0000000017e60000)

Polling page: 0x0000000002e10000

CodeCache: size=245760Kb used=43595Kb max_used=43597Kb free=202164Kb
 bounds [0x0000000005190000, 0x0000000007c80000, 0x0000000014190000]
 total_blobs=13557 nmethods=12719 adapters=750
 compilation: enabled

Compilation events (10 events):
Event: 434.272 Thread 0x0000000019f6c800 15672       3       org.gradle.internal.resources.AbstractTrackedResourceLock::<init> (26 bytes)
Event: 434.273 Thread 0x0000000019f6c800 nmethod 15672 0x00000000068d4d90 code [0x00000000068d4ee0, 0x00000000068d50f0]
Event: 434.273 Thread 0x0000000019f6c800 15673       3       org.gradle.api.internal.changedetection.state.TaskFilePropertySnapshotNormalizationStrategy$3::getNormalizedSnapshot (53 bytes)
Event: 434.273 Thread 0x0000000019f6c800 nmethod 15673 0x0000000006b69790 code [0x0000000006b69960, 0x0000000006b6a098]
Event: 434.273 Thread 0x0000000019f6c800 15674       1       org.gradle.api.internal.changedetection.state.RegularFileSnapshot::getType (4 bytes)
Event: 434.274 Thread 0x0000000019f6c800 nmethod 15674 0x0000000006511090 code [0x00000000065111e0, 0x00000000065112f0]
Event: 434.274 Thread 0x0000000019f6c800 15675       3       org.gradle.api.internal.file.collections.ListBackedFileSet::<init> (17 bytes)
Event: 434.274 Thread 0x0000000019f6c800 nmethod 15675 0x00000000068b9990 code [0x00000000068b9b80, 0x00000000068ba308]
Event: 434.275 Thread 0x0000000019f6c800 15676       3       sun.misc.FloatingDecimal::getBinaryToASCIIConverter (183 bytes)
Event: 434.276 Thread 0x0000000019f6c800 nmethod 15676 0x00000000068be150 code [0x00000000068be320, 0x00000000068beb68]

GC Heap History (10 events):
Event: 88.686 GC heap before
{Heap before GC invocations=13 (full 3):
 PSYoungGen      total 252928K, used 230912K [0x00000000e0000000, 0x00000000f6a80000, 0x0000000100000000)
  eden space 230912K, 100% used [0x00000000e0000000,0x00000000ee180000,0x00000000ee180000)
  from space 22016K, 0% used [0x00000000ee180000,0x00000000ee180000,0x00000000ef700000)
  to   space 24576K, 0% used [0x00000000f5280000,0x00000000f5280000,0x00000000f6a80000)
 ParOldGen       total 216576K, used 39920K [0x00000000a0000000, 0x00000000ad380000, 0x00000000e0000000)
  object space 216576K, 18% used [0x00000000a0000000,0x00000000a26fc3e0,0x00000000ad380000)
 Metaspace       used 67306K, capacity 69870K, committed 70104K, reserved 1110016K
  class space    used 8875K, capacity 9434K, committed 9472K, reserved 1048576K
Event: 88.712 GC heap after
Heap after GC invocations=13 (full 3):
 PSYoungGen      total 318976K, used 16495K [0x00000000e0000000, 0x00000000f6300000, 0x0000000100000000)
  eden space 302080K, 0% used [0x00000000e0000000,0x00000000e0000000,0x00000000f2700000)
  from space 16896K, 97% used [0x00000000f5280000,0x00000000f629bdd0,0x00000000f6300000)
  to   space 24576K, 0% used [0x00000000f3300000,0x00000000f3300000,0x00000000f4b00000)
 ParOldGen       total 216576K, used 39928K [0x00000000a0000000, 0x00000000ad380000, 0x00000000e0000000)
  object space 216576K, 18% used [0x00000000a0000000,0x00000000a26fe3e0,0x00000000ad380000)
 Metaspace       used 67306K, capacity 69870K, committed 70104K, reserved 1110016K
  class space    used 8875K, capacity 9434K, committed 9472K, reserved 1048576K
}
Event: 106.106 GC heap before
{Heap before GC invocations=14 (full 3):
 PSYoungGen      total 318976K, used 318575K [0x00000000e0000000, 0x00000000f6300000, 0x0000000100000000)
  eden space 302080K, 100% used [0x00000000e0000000,0x00000000f2700000,0x00000000f2700000)
  from space 16896K, 97% used [0x00000000f5280000,0x00000000f629bdd0,0x00000000f6300000)
  to   space 24576K, 0% used [0x00000000f3300000,0x00000000f3300000,0x00000000f4b00000)
 ParOldGen       total 216576K, used 39928K [0x00000000a0000000, 0x00000000ad380000, 0x00000000e0000000)
  object space 216576K, 18% used [0x00000000a0000000,0x00000000a26fe3e0,0x00000000ad380000)
 Metaspace       used 71585K, capacity 74354K, committed 74584K, reserved 1114112K
  class space    used 9241K, capacity 9852K, committed 9856K, reserved 1048576K
Event: 106.146 GC heap after
Heap after GC invocations=14 (full 3):
 PSYoungGen      total 338944K, used 23558K [0x00000000e0000000, 0x00000000fad00000, 0x0000000100000000)
  eden space 314368K, 0% used [0x00000000e0000000,0x00000000e0000000,0x00000000f3300000)
  from space 24576K, 95% used [0x00000000f3300000,0x00000000f4a01af8,0x00000000f4b00000)
  to   space 27648K, 0% used [0x00000000f9200000,0x00000000f9200000,0x00000000fad00000)
 ParOldGen       total 216576K, used 39936K [0x00000000a0000000, 0x00000000ad380000, 0x00000000e0000000)
  object space 216576K, 18% used [0x00000000a0000000,0x00000000a27003e0,0x00000000ad380000)
 Metaspace       used 71585K, capacity 74354K, committed 74584K, reserved 1114112K
  class space    used 9241K, capacity 9852K, committed 9856K, reserved 1048576K
}
Event: 107.749 GC heap before
{Heap before GC invocations=15 (full 3):
 PSYoungGen      total 338944K, used 337926K [0x00000000e0000000, 0x00000000fad00000, 0x0000000100000000)
  eden space 314368K, 100% used [0x00000000e0000000,0x00000000f3300000,0x00000000f3300000)
  from space 24576K, 95% used [0x00000000f3300000,0x00000000f4a01af8,0x00000000f4b00000)
  to   space 27648K, 0% used [0x00000000f9200000,0x00000000f9200000,0x00000000fad00000)
 ParOldGen       total 216576K, used 39936K [0x00000000a0000000, 0x00000000ad380000, 0x00000000e0000000)
  object space 216576K, 18% used [0x00000000a0000000,0x00000000a27003e0,0x00000000ad380000)
 Metaspace       used 71679K, capacity 74482K, committed 74584K, reserved 1114112K
  class space    used 9242K, capacity 9852K, committed 9856K, reserved 1048576K
Event: 107.771 GC heap after
Heap after GC invocations=15 (full 3):
 PSYoungGen      total 410112K, used 22911K [0x00000000e0000000, 0x00000000fc080000, 0x0000000100000000)
  eden space 382464K, 0% used [0x00000000e0000000,0x00000000e0000000,0x00000000f7580000)
  from space 27648K, 82% used [0x00000000f9200000,0x00000000fa85fd38,0x00000000fad00000)
  to   space 29184K, 0% used [0x00000000f7580000,0x00000000f7580000,0x00000000f9200000)
 ParOldGen       total 216576K, used 39944K [0x00000000a0000000, 0x00000000ad380000, 0x00000000e0000000)
  object space 216576K, 18% used [0x00000000a0000000,0x00000000a27023e0,0x00000000ad380000)
 Metaspace       used 71679K, capacity 74482K, committed 74584K, reserved 1114112K
  class space    used 9242K, capacity 9852K, committed 9856K, reserved 1048576K
}
Event: 111.348 GC heap before
{Heap before GC invocations=16 (full 3):
 PSYoungGen      total 410112K, used 405375K [0x00000000e0000000, 0x00000000fc080000, 0x0000000100000000)
  eden space 382464K, 100% used [0x00000000e0000000,0x00000000f7580000,0x00000000f7580000)
  from space 27648K, 82% used [0x00000000f9200000,0x00000000fa85fd38,0x00000000fad00000)
  to   space 29184K, 0% used [0x00000000f7580000,0x00000000f7580000,0x00000000f9200000)
 ParOldGen       total 216576K, used 39944K [0x00000000a0000000, 0x00000000ad380000, 0x00000000e0000000)
  object space 216576K, 18% used [0x00000000a0000000,0x00000000a27023e0,0x00000000ad380000)
 Metaspace       used 71952K, capacity 74792K, committed 74968K, reserved 1114112K
  class space    used 9259K, capacity 9865K, committed 9984K, reserved 1048576K
Event: 111.368 GC heap after
Heap after GC invocations=16 (full 3):
 PSYoungGen      total 411648K, used 22412K [0x00000000e0000000, 0x00000000fc080000, 0x0000000100000000)
  eden space 382464K, 0% used [0x00000000e0000000,0x00000000e0000000,0x00000000f7580000)
  from space 29184K, 76% used [0x00000000f7580000,0x00000000f8b63108,0x00000000f9200000)
  to   space 27648K, 0% used [0x00000000f9200000,0x00000000f9200000,0x00000000fad00000)
 ParOldGen       total 216576K, used 39952K [0x00000000a0000000, 0x00000000ad380000, 0x00000000e0000000)
  object space 216576K, 18% used [0x00000000a0000000,0x00000000a27043e0,0x00000000ad380000)
 Metaspace       used 71952K, capacity 74792K, committed 74968K, reserved 1114112K
  class space    used 9259K, capacity 9865K, committed 9984K, reserved 1048576K
}
Event: 122.618 GC heap before
{Heap before GC invocations=17 (full 3):
 PSYoungGen      total 411648K, used 403927K [0x00000000e0000000, 0x00000000fc080000, 0x0000000100000000)
  eden space 382464K, 99% used [0x00000000e0000000,0x00000000f7492e98,0x00000000f7580000)
  from space 29184K, 76% used [0x00000000f7580000,0x00000000f8b63108,0x00000000f9200000)
  to   space 27648K, 0% used [0x00000000f9200000,0x00000000f9200000,0x00000000fad00000)
 ParOldGen       total 216576K, used 39952K [0x00000000a0000000, 0x00000000ad380000, 0x00000000e0000000)
  object space 216576K, 18% used [0x00000000a0000000,0x00000000a27043e0,0x00000000ad380000)
 Metaspace       used 72081K, capacity 74944K, committed 75224K, reserved 1114112K
  class space    used 9262K, capacity 9869K, committed 9984K, reserved 1048576K
Event: 122.651 GC heap after
Heap after GC invocations=17 (full 3):
 PSYoungGen      total 410112K, used 15877K [0x00000000e0000000, 0x00000000fc080000, 0x0000000100000000)
  eden space 382464K, 0% used [0x00000000e0000000,0x00000000e0000000,0x00000000f7580000)
  from space 27648K, 57% used [0x00000000f9200000,0x00000000fa181540,0x00000000fad00000)
  to   space 29184K, 0% used [0x00000000f7580000,0x00000000f7580000,0x00000000f9200000)
 ParOldGen       total 216576K, used 39960K [0x00000000a0000000, 0x00000000ad380000, 0x00000000e0000000)
  object space 216576K, 18% used [0x00000000a0000000,0x00000000a27063e0,0x00000000ad380000)
 Metaspace       used 72081K, capacity 74944K, committed 75224K, reserved 1114112K
  class space    used 9262K, capacity 9869K, committed 9984K, reserved 1048576K
}

Deoptimization events (10 events):
Event: 237.992 Thread 0x000000001c87f000 Uncommon trap: reason=array_check action=maybe_recompile pc=0x0000000007a4bf40 method=java.util.ComparableTimSort.reverseRange([Ljava/lang/Object;II)V @ 20
Event: 238.938 Thread 0x000000001c87a800 Uncommon trap: reason=array_check action=maybe_recompile pc=0x0000000007aacaac method=java.util.TimSort.reverseRange([Ljava/lang/Object;II)V @ 27
Event: 239.093 Thread 0x000000001f365800 Uncommon trap: reason=unstable_if action=reinterpret pc=0x0000000005b8839c method=com.esotericsoftware.kryo.io.Input.require(I)I @ 117
Event: 432.361 Thread 0x00000000202e2800 Uncommon trap: reason=class_check action=maybe_recompile pc=0x0000000007b736f4 method=java.util.Collections$UnmodifiableMap$UnmodifiableEntrySet$UnmodifiableEntry.<init>(Ljava/util/Map$Entry;)V @ 9
Event: 432.361 Thread 0x00000000202e2800 Uncommon trap: reason=class_check action=maybe_recompile pc=0x0000000007b736f4 method=java.util.Collections$UnmodifiableMap$UnmodifiableEntrySet$UnmodifiableEntry.<init>(Ljava/util/Map$Entry;)V @ 9
Event: 432.361 Thread 0x00000000202e2800 Uncommon trap: reason=class_check action=maybe_recompile pc=0x0000000007b736f4 method=java.util.Collections$UnmodifiableMap$UnmodifiableEntrySet$UnmodifiableEntry.<init>(Ljava/util/Map$Entry;)V @ 9
Event: 432.361 Thread 0x00000000202e2800 Uncommon trap: reason=class_check action=maybe_recompile pc=0x0000000007b736f4 method=java.util.Collections$UnmodifiableMap$UnmodifiableEntrySet$UnmodifiableEntry.<init>(Ljava/util/Map$Entry;)V @ 9
Event: 432.946 Thread 0x00000000202e2800 Uncommon trap: reason=array_check action=maybe_recompile pc=0x0000000007a4bf40 method=java.util.ComparableTimSort.reverseRange([Ljava/lang/Object;II)V @ 20
Event: 432.949 Thread 0x00000000202e2800 Uncommon trap: reason=array_check action=maybe_recompile pc=0x0000000007a4bf40 method=java.util.ComparableTimSort.reverseRange([Ljava/lang/Object;II)V @ 20
Event: 432.959 Thread 0x00000000202e2800 Uncommon trap: reason=array_check action=maybe_recompile pc=0x0000000007a4bf40 method=java.util.ComparableTimSort.reverseRange([Ljava/lang/Object;II)V @ 20

Classes redefined (0 events):
No events

Internal exceptions (10 events):
Event: 107.823 Thread 0x000000001c877800 Exception <a 'sun/nio/fs/WindowsException'> (0x00000000e08b7b28) thrown at [D:\src\AOSP-openjdk-cygwin\jdk8u\hotspot\src\share\vm\prims\jni.cpp, line 709]
Event: 107.983 Thread 0x000000001c877800 Exception <a 'sun/nio/fs/WindowsException'> (0x00000000e2528a58) thrown at [D:\src\AOSP-openjdk-cygwin\jdk8u\hotspot\src\share\vm\prims\jni.cpp, line 709]
Event: 122.818 Thread 0x000000001c879800 Implicit null exception at 0x0000000005b170aa to 0x0000000005b17791
Event: 122.964 Thread 0x000000001f369000 Exception <a 'sun/nio/fs/WindowsException'> (0x00000000e131fb10) thrown at [D:\src\AOSP-openjdk-cygwin\jdk8u\hotspot\src\share\vm\prims\jni.cpp, line 709]
Event: 236.602 Thread 0x000000001f366000 Exception <a 'java/lang/ClassNotFoundException': sync_local_repo10775_cq4cmr1wjmz2i4cqh8ple1p07BeanInfo> (0x00000000e26cec48) thrown at [D:\src\AOSP-openjdk-cygwin\jdk8u\hotspot\src\share\vm\classfile\systemDictionary.cpp, line 210]
Event: 236.602 Thread 0x000000001f366000 Exception <a 'java/lang/ClassNotFoundException': sync_local_repo10775_cq4cmr1wjmz2i4cqh8ple1p07Customizer> (0x00000000e26d9778) thrown at [D:\src\AOSP-openjdk-cygwin\jdk8u\hotspot\src\share\vm\classfile\systemDictionary.cpp, line 210]
Event: 238.437 Thread 0x000000001c87c800 Exception <a 'sun/nio/fs/WindowsException'> (0x00000000eb69bc00) thrown at [D:\src\AOSP-openjdk-cygwin\jdk8u\hotspot\src\share\vm\prims\jni.cpp, line 709]
Event: 239.000 Thread 0x000000001f366000 Exception <a 'sun/nio/fs/WindowsException'> (0x00000000ed656710) thrown at [D:\src\AOSP-openjdk-cygwin\jdk8u\hotspot\src\share\vm\prims\jni.cpp, line 709]
Event: 432.947 Thread 0x00000000202e2800 Exception <a 'java/lang/ClassNotFoundException': sync_local_repo11112_91dfuv3ci4dlofqrqa3yvf96bBeanInfo> (0x00000000ee175a28) thrown at [D:\src\AOSP-openjdk-cygwin\jdk8u\hotspot\src\share\vm\classfile\systemDictionary.cpp, line 210]
Event: 432.947 Thread 0x00000000202e2800 Exception <a 'java/lang/ClassNotFoundException': sync_local_repo11112_91dfuv3ci4dlofqrqa3yvf96bCustomizer> (0x00000000ee180558) thrown at [D:\src\AOSP-openjdk-cygwin\jdk8u\hotspot\src\share\vm\classfile\systemDictionary.cpp, line 210]

Events (10 events):
Event: 434.010 Executing VM operation: BulkRevokeBias
Event: 434.010 Executing VM operation: BulkRevokeBias done
Event: 434.012 Executing VM operation: RevokeBias
Event: 434.013 Executing VM operation: RevokeBias done
Event: 434.062 Executing VM operation: RevokeBias
Event: 434.063 Executing VM operation: RevokeBias done
Event: 434.197 Executing VM operation: RevokeBias
Event: 434.197 Executing VM operation: RevokeBias done
Event: 434.198 Executing VM operation: RevokeBias
Event: 434.199 Executing VM operation: RevokeBias done


Dynamic libraries:
0x00007ff779f10000 - 0x00007ff779f41000 	D:\android_about\as_pra\jre\bin\java.exe
0x00007ffea5c00000 - 0x00007ffea5de0000 	C:\WINDOWS\SYSTEM32\ntdll.dll
0x00007ffea50a0000 - 0x00007ffea514e000 	C:\WINDOWS\System32\KERNEL32.DLL
0x00007ffea25a0000 - 0x00007ffea2806000 	C:\WINDOWS\System32\KERNELBASE.dll
0x00007ffea4df0000 - 0x00007ffea4e91000 	C:\WINDOWS\System32\ADVAPI32.dll
0x00007ffea5160000 - 0x00007ffea51fd000 	C:\WINDOWS\System32\msvcrt.dll
0x00007ffea57a0000 - 0x00007ffea57fb000 	C:\WINDOWS\System32\sechost.dll
0x00007ffea5ab0000 - 0x00007ffea5bcf000 	C:\WINDOWS\System32\RPCRT4.dll
0x00007ffea4a00000 - 0x00007ffea4b8f000 	C:\WINDOWS\System32\USER32.dll
0x00007ffea2910000 - 0x00007ffea2930000 	C:\WINDOWS\System32\win32u.dll
0x00007ffea48d0000 - 0x00007ffea48f8000 	C:\WINDOWS\System32\GDI32.dll
0x00007ffea2320000 - 0x00007ffea24b3000 	C:\WINDOWS\System32\gdi32full.dll
0x00007ffea20b0000 - 0x00007ffea214b000 	C:\WINDOWS\System32\msvcp_win.dll
0x00007ffea2810000 - 0x00007ffea2906000 	C:\WINDOWS\System32\ucrtbase.dll
0x00007ffe9b590000 - 0x00007ffe9b7f9000 	C:\WINDOWS\WinSxS\amd64_microsoft.windows.common-controls_6595b64144ccf1df_6.0.16299.431_none_15c7d3ee93659e73\COMCTL32.dll
0x00007ffea4520000 - 0x00007ffea4828000 	C:\WINDOWS\System32\combase.dll
0x00007ffea24c0000 - 0x00007ffea2532000 	C:\WINDOWS\System32\bcryptPrimitives.dll
0x00007ffea49d0000 - 0x00007ffea49fd000 	C:\WINDOWS\System32\IMM32.DLL
0x0000000053af0000 - 0x0000000053bc2000 	D:\android_about\as_pra\jre\jre\bin\msvcr100.dll
0x0000000053cb0000 - 0x00000000544ee000 	D:\android_about\as_pra\jre\jre\bin\server\jvm.dll
0x00007ffea30d0000 - 0x00007ffea30d8000 	C:\WINDOWS\System32\PSAPI.DLL
0x00007ffea0bc0000 - 0x00007ffea0bc9000 	C:\WINDOWS\SYSTEM32\WSOCK32.dll
0x00007ffe9ee80000 - 0x00007ffe9eea3000 	C:\WINDOWS\SYSTEM32\WINMM.dll
0x00007ffea5030000 - 0x00007ffea509c000 	C:\WINDOWS\System32\WS2_32.dll
0x00007ffea0c60000 - 0x00007ffea0c6a000 	C:\WINDOWS\SYSTEM32\VERSION.dll
0x00007ffe9ee50000 - 0x00007ffe9ee7a000 	C:\WINDOWS\SYSTEM32\winmmbase.dll
0x00007ffea2930000 - 0x00007ffea297a000 	C:\WINDOWS\System32\cfgmgr32.dll
0x00007ffe9dc10000 - 0x00007ffe9dc1f000 	D:\android_about\as_pra\jre\jre\bin\verify.dll
0x00007ffe994f0000 - 0x00007ffe99519000 	D:\android_about\as_pra\jre\jre\bin\java.dll
0x00007ffe9bf00000 - 0x00007ffe9bf16000 	D:\android_about\as_pra\jre\jre\bin\zip.dll
0x00007ffea30e0000 - 0x00007ffea4518000 	C:\WINDOWS\System32\SHELL32.dll
0x00007ffea4f80000 - 0x00007ffea5026000 	C:\WINDOWS\System32\shcore.dll
0x00007ffea2980000 - 0x00007ffea30c7000 	C:\WINDOWS\System32\windows.storage.dll
0x00007ffea4b90000 - 0x00007ffea4be1000 	C:\WINDOWS\System32\shlwapi.dll
0x00007ffea1f90000 - 0x00007ffea1fa1000 	C:\WINDOWS\System32\kernel.appcore.dll
0x00007ffea1fb0000 - 0x00007ffea1ffc000 	C:\WINDOWS\System32\powrprof.dll
0x00007ffea1f50000 - 0x00007ffea1f6b000 	C:\WINDOWS\System32\profapi.dll
0x00007ffe9a7b0000 - 0x00007ffe9a7ca000 	D:\android_about\as_pra\jre\jre\bin\net.dll
0x00007ffea17e0000 - 0x00007ffea1846000 	C:\WINDOWS\system32\mswsock.dll
0x00007ffe95da0000 - 0x00007ffe95db1000 	D:\android_about\as_pra\jre\jre\bin\nio.dll
0x00007ffe9ec60000 - 0x00007ffe9ec7e000 	C:\Users\Administrator\.gradle\native\25\windows-amd64\native-platform.dll
0x00007ffea0cb0000 - 0x00007ffea0cbd000 	D:\android_about\as_pra\jre\jre\bin\management.dll
0x00007ffea19b0000 - 0x00007ffea19c7000 	C:\WINDOWS\SYSTEM32\CRYPTSP.dll
0x00007ffea1380000 - 0x00007ffea13b3000 	C:\WINDOWS\system32\rsaenh.dll
0x00007ffea1ab0000 - 0x00007ffea1ad5000 	C:\WINDOWS\SYSTEM32\bcrypt.dll
0x00007ffea1e80000 - 0x00007ffea1ea9000 	C:\WINDOWS\SYSTEM32\USERENV.dll
0x00007ffea19a0000 - 0x00007ffea19ab000 	C:\WINDOWS\SYSTEM32\CRYPTBASE.dll
0x00007ffea1510000 - 0x00007ffea1549000 	C:\WINDOWS\SYSTEM32\IPHLPAPI.DLL
0x00007ffea4c50000 - 0x00007ffea4c58000 	C:\WINDOWS\System32\NSI.dll
0x00007ffe9c060000 - 0x00007ffe9c076000 	C:\WINDOWS\SYSTEM32\dhcpcsvc6.DLL
0x00007ffe9c040000 - 0x00007ffe9c05a000 	C:\WINDOWS\SYSTEM32\dhcpcsvc.DLL
0x00007ffea1080000 - 0x00007ffea10b1000 	C:\WINDOWS\SYSTEM32\ntmarta.dll

VM Arguments:
jvm_args: -Xmx1536m -Dfile.encoding=GBK -Duser.country=CN -Duser.language=zh -Duser.variant 
java_command: org.gradle.launcher.daemon.bootstrap.GradleDaemon 4.1
java_class_path (initial): C:\Users\Administrator\.gradle\wrapper\dists\gradle-4.1-all\bzyivzo6n839fup2jbap0tjew\gradle-4.1\lib\gradle-launcher-4.1.jar
Launcher Type: SUN_STANDARD

Environment Variables:
JAVA_HOME=D:\android_about\jdk_8
PATH=C:\ProgramData\Oracle\Java\javapath;C:\WINDOWS\system32;C:\WINDOWS;C:\WINDOWS\System32\Wbem;C:\WINDOWS\System32\WindowsPowerShell\v1.0\;D:\android_about\jdk_8\bin;D:\android_about\svn_\bin;D:\android_about\git\Git\cmd;D:\android_about\git\Git\cmd;D:\android_about\asndk\ndk-bundle;D:\android_about\assdk\platform-tools;C:\Users\Administrator\AppData\Local\Microsoft\WindowsApps;
USERNAME=zyh
OS=Windows_NT
PROCESSOR_IDENTIFIER=Intel64 Family 6 Model 94 Stepping 3, GenuineIntel



---------------  S Y S T E M  ---------------

OS: Windows 10.0 , 64 bit Build 16299 (10.0.16299.431)

CPU:total 4 (initial active 4) (2 cores per cpu, 2 threads per core) family 6 model 94 stepping 3, cmov, cx8, fxsr, mmx, sse, sse2, sse3, ssse3, sse4.1, sse4.2, popcnt, avx, avx2, aes, clmul, erms, 3dnowpref, lzcnt, ht, tsc, tscinvbit, bmi1, bmi2, adx

Memory: 4k page, physical 16675864k(2881672k free), swap 29550184k(6852k free)

vm_info: OpenJDK 64-Bit Server VM (25.152-b01) for windows-amd64 JRE (1.8.0_152-release-915-b01), built by "builder" with MS VC++ 10.0 (VS2010)

time: Fri Jun 29 10:04:15 2018
elapsed time: 434 seconds (0d 0h 7m 14s)

